<?xml version="1.0" encoding="UTF-8"?>
<testsuite xmlns:xsi="http://www.w3.org/2001/XMLSchema-instance" xsi:noNamespaceSchemaLocation="https://maven.apache.org/surefire/maven-surefire-plugin/xsd/surefire-test-report-3.0.xsd" version="3.0" name="fr.istic.vv.DateTest" time="0.16" tests="14" errors="1" skipped="0" failures="0">
  <properties>
[...]
</properties>
  <testcase name="testCompareToEarlierDate" classname="fr.istic.vv.DateTest" time="0.045"/>
  <testcase name="testLeapYear" classname="fr.istic.vv.DateTest" time="0.002"/>
  <testcase name="testCompareToLaterDate" classname="fr.istic.vv.DateTest" time="0.002"/>
  <testcase name="testNonLeapYearCentury" classname="fr.istic.vv.DateTest" time="0.005"/>
  <testcase name="testInvalidYear" classname="fr.istic.vv.DateTest" time="0.001"/>
  <testcase name="testValidDate" classname="fr.istic.vv.DateTest" time="0.026"/>
  <testcase name="testNegativeDay" classname="fr.istic.vv.DateTest" time="0.002"/>
  <testcase name="testCompareToLeapYear" classname="fr.istic.vv.DateTest" time="0.001"/>
  <testcase name="testCompareToNonLeapYear" classname="fr.istic.vv.DateTest" time="0.001"/>
  <testcase name="testPreviousDate" classname="fr.istic.vv.DateTest" time="0.012">
    <error type="java.lang.IllegalArgumentException"><![CDATA[java.lang.IllegalArgumentException: Invalid date
	at fr.istic.vv.DateTest.testPreviousDate(DateTest.java:72)
]]></error>
    <system-out><![CDATA[31 12 2021
30 4 2022
]]></system-out>
  </testcase>
  <testcase name="testCompareToNull" classname="fr.istic.vv.DateTest" time="0.003"/>
  <testcase name="testCompareToEqualDate" classname="fr.istic.vv.DateTest" time="0.002"/>
  <testcase name="testInvalidDayForMonth" classname="fr.istic.vv.DateTest" time="0.003"/>
  <testcase name="testInvalidMonth" classname="fr.istic.vv.DateTest" time="0.001"/>
</testsuite>