<?xml version="1.0" encoding="UTF-8"?>
<testsuite xmlns:xsi="http://www.w3.org/2001/XMLSchema-instance" xsi:noNamespaceSchemaLocation="https://maven.apache.org/surefire/maven-surefire-plugin/xsd/surefire-test-report-3.0.xsd" version="3.0" name="fr.istic.vv.DateTest" time="0.16" tests="14" errors="1" skipped="0" failures="0">
  <properties>
    <property name="java.specification.version" value="21"/>
    <property name="sun.cpu.isalist" value="amd64"/>
    <property name="sun.jnu.encoding" value="Cp1252"/>
    <property name="java.class.path" value="D:\TP-VV\VV-ESIR-TP3\code\tp3-date\target\test-classes;D:\TP-VV\VV-ESIR-TP3\code\tp3-date\target\classes;C:\Users\thiba\.m2\repository\org\junit\jupiter\junit-jupiter\5.6.2\junit-jupiter-5.6.2.jar;C:\Users\thiba\.m2\repository\org\junit\jupiter\junit-jupiter-api\5.6.2\junit-jupiter-api-5.6.2.jar;C:\Users\thiba\.m2\repository\org\apiguardian\apiguardian-api\1.1.0\apiguardian-api-1.1.0.jar;C:\Users\thiba\.m2\repository\org\opentest4j\opentest4j\1.2.0\opentest4j-1.2.0.jar;C:\Users\thiba\.m2\repository\org\junit\platform\junit-platform-commons\1.6.2\junit-platform-commons-1.6.2.jar;C:\Users\thiba\.m2\repository\org\junit\jupiter\junit-jupiter-params\5.6.2\junit-jupiter-params-5.6.2.jar;C:\Users\thiba\.m2\repository\org\junit\jupiter\junit-jupiter-engine\5.6.2\junit-jupiter-engine-5.6.2.jar;C:\Users\thiba\.m2\repository\org\junit\platform\junit-platform-engine\1.6.2\junit-platform-engine-1.6.2.jar;"/>
    <property name="java.vm.vendor" value="Oracle Corporation"/>
    <property name="sun.arch.data.model" value="64"/>
    <property name="user.variant" value=""/>
    <property name="java.vendor.url" value="https://java.oracle.com/"/>
    <property name="user.timezone" value="Europe/Paris"/>
    <property name="os.name" value="Windows 11"/>
    <property name="java.vm.specification.version" value="21"/>
    <property name="sun.java.launcher" value="SUN_STANDARD"/>
    <property name="user.country" value="US"/>
    <property name="sun.boot.library.path" value="C:\Program Files\Java\jdk-21\bin"/>
    <property name="sun.java.command" value="C:\Users\thiba\AppData\Local\Temp\surefire4233094323875284848\surefirebooter17464147101482408806.jar C:\Users\thiba\AppData\Local\Temp\surefire4233094323875284848 2024-10-17T21-39-43_746-jvmRun1 surefire11760338904047877272tmp surefire_010632386366687185532tmp"/>
    <property name="jdk.debug" value="release"/>
    <property name="surefire.test.class.path" value="D:\TP-VV\VV-ESIR-TP3\code\tp3-date\target\test-classes;D:\TP-VV\VV-ESIR-TP3\code\tp3-date\target\classes;C:\Users\thiba\.m2\repository\org\junit\jupiter\junit-jupiter\5.6.2\junit-jupiter-5.6.2.jar;C:\Users\thiba\.m2\repository\org\junit\jupiter\junit-jupiter-api\5.6.2\junit-jupiter-api-5.6.2.jar;C:\Users\thiba\.m2\repository\org\apiguardian\apiguardian-api\1.1.0\apiguardian-api-1.1.0.jar;C:\Users\thiba\.m2\repository\org\opentest4j\opentest4j\1.2.0\opentest4j-1.2.0.jar;C:\Users\thiba\.m2\repository\org\junit\platform\junit-platform-commons\1.6.2\junit-platform-commons-1.6.2.jar;C:\Users\thiba\.m2\repository\org\junit\jupiter\junit-jupiter-params\5.6.2\junit-jupiter-params-5.6.2.jar;C:\Users\thiba\.m2\repository\org\junit\jupiter\junit-jupiter-engine\5.6.2\junit-jupiter-engine-5.6.2.jar;C:\Users\thiba\.m2\repository\org\junit\platform\junit-platform-engine\1.6.2\junit-platform-engine-1.6.2.jar;"/>
    <property name="sun.cpu.endian" value="little"/>
    <property name="user.home" value="C:\Users\thiba"/>
    <property name="user.language" value="en"/>
    <property name="java.specification.vendor" value="Oracle Corporation"/>
    <property name="java.version.date" value="2023-10-17"/>
    <property name="java.home" value="C:\Program Files\Java\jdk-21"/>
    <property name="file.separator" value="\"/>
    <property name="basedir" value="D:\TP-VV\VV-ESIR-TP3\code\tp3-date"/>
    <property name="java.vm.compressedOopsMode" value="32-bit"/>
    <property name="line.separator" value="&#10;"/>
    <property name="java.vm.specification.vendor" value="Oracle Corporation"/>
    <property name="java.specification.name" value="Java Platform API Specification"/>
    <property name="surefire.real.class.path" value="C:\Users\thiba\AppData\Local\Temp\surefire4233094323875284848\surefirebooter17464147101482408806.jar"/>
    <property name="user.script" value=""/>
    <property name="sun.management.compiler" value="HotSpot 64-Bit Tiered Compilers"/>
    <property name="java.runtime.version" value="21.0.1+12-LTS-29"/>
    <property name="user.name" value="aschalew"/>
    <property name="stdout.encoding" value="Cp1252"/>
    <property name="path.separator" value=";"/>
    <property name="os.version" value="10.0"/>
    <property name="java.runtime.name" value="Java(TM) SE Runtime Environment"/>
    <property name="file.encoding" value="UTF-8"/>
    <property name="java.vm.name" value="Java HotSpot(TM) 64-Bit Server VM"/>
    <property name="localRepository" value="C:\Users\thiba\.m2\repository"/>
    <property name="java.vendor.url.bug" value="https://bugreport.java.com/bugreport/"/>
    <property name="java.io.tmpdir" value="C:\Users\thiba\AppData\Local\Temp\"/>
    <property name="java.version" value="21.0.1"/>
    <property name="user.dir" value="D:\TP-VV\VV-ESIR-TP3\code\tp3-date"/>
    <property name="os.arch" value="amd64"/>
    <property name="java.vm.specification.name" value="Java Virtual Machine Specification"/>
    <property name="sun.os.patch.level" value=""/>
    <property name="native.encoding" value="Cp1252"/>
    <property name="java.library.path" value="C:\Program Files\Java\jdk-21\bin;C:\WINDOWS\Sun\Java\bin;C:\WINDOWS\system32;C:\WINDOWS;C:\Program Files\Common Files\Oracle\Java\javapath;C:\WINDOWS\system32;C:\WINDOWS;C:\WINDOWS\System32\Wbem;C:\WINDOWS\System32\WindowsPowerShell\v1.0\;C:\WINDOWS\System32\OpenSSH\;C:\Program Files\nodejs\;C:\Program Files\Git\cmd;C:\Program Files (x86)\dotnet\;C:\Program Files\Git\bin;C:\Users\thiba\AppData\Local\Programs\Python\Launcher\;C:\Users\thiba\AppData\Local\Microsoft\WindowsApps;C:\Users\thiba\AppData\Local\Programs\Microsoft VS Code\bin;C:\Users\thiba\AppData\Roaming\npm;C:\msys64\ucrt64\bin;C:\Users\thiba\AppData\Local\JetBrains\Toolbox\scripts;C:\apache-maven-3.9.9\bin;;."/>
    <property name="java.vm.info" value="mixed mode, sharing"/>
    <property name="stderr.encoding" value="Cp1252"/>
    <property name="java.vendor" value="Oracle Corporation"/>
    <property name="java.vm.version" value="21.0.1+12-LTS-29"/>
    <property name="sun.io.unicode.encoding" value="UnicodeLittle"/>
    <property name="java.class.version" value="65.0"/>
  </properties>
  <testcase name="testCompareToEarlierDate" classname="fr.istic.vv.DateTest" time="0.045"/>
  <testcase name="testLeapYear" classname="fr.istic.vv.DateTest" time="0.002"/>
  <testcase name="testCompareToLaterDate" classname="fr.istic.vv.DateTest" time="0.002"/>
  <testcase name="testNonLeapYearCentury" classname="fr.istic.vv.DateTest" time="0.005"/>
  <testcase name="testInvalidYear" classname="fr.istic.vv.DateTest" time="0.001"/>
  <testcase name="testValidDate" classname="fr.istic.vv.DateTest" time="0.026"/>
  <testcase name="testNegativeDay" classname="fr.istic.vv.DateTest" time="0.002"/>
  <testcase name="testCompareToLeapYear" classname="fr.istic.vv.DateTest" time="0.001"/>
  <testcase name="testCompareToNonLeapYear" classname="fr.istic.vv.DateTest" time="0.001"/>
  <testcase name="testPreviousDate" classname="fr.istic.vv.DateTest" time="0.012">
    <error type="java.lang.IllegalArgumentException"><![CDATA[java.lang.IllegalArgumentException: Invalid date
	at fr.istic.vv.DateTest.testPreviousDate(DateTest.java:72)
]]></error>
    <system-out><![CDATA[31 12 2021
30 4 2022
]]></system-out>
  </testcase>
  <testcase name="testCompareToNull" classname="fr.istic.vv.DateTest" time="0.003"/>
  <testcase name="testCompareToEqualDate" classname="fr.istic.vv.DateTest" time="0.002"/>
  <testcase name="testInvalidDayForMonth" classname="fr.istic.vv.DateTest" time="0.003"/>
  <testcase name="testInvalidMonth" classname="fr.istic.vv.DateTest" time="0.001"/>
</testsuite>